index.js.jsp:17 div ids:=================================
index.js.jsp:20 div_mobileRecommand
index.js.jsp:20
index.js.jsp:20
index.js.jsp:20
index.js.jsp:20
index.js.jsp:20
index.js.jsp:20
index.js.jsp:20
index.js.jsp:20
index.js.jsp:20
index.js.jsp:20
index.js.jsp:20
index.js.jsp:20
index.js.jsp:20
index.js.jsp:20
index.js.jsp:20
index.js.jsp:20
index.js.jsp:20
index.js.jsp:20 div_searchMobileGoods
index.js.jsp:20
index.js.jsp:20
index.js.jsp:20
index.js.jsp:20
index.js.jsp:23 img ids:=================================
index.js.jsp:26 img_apple
index.js.jsp:26 img_apple2
index.js.jsp:26 addAppleToShop
index.js.jsp:26 img_oppo1
index.js.jsp:26 img_oppo2
index.js.jsp:26 addOppoToShop
index.js.jsp:26 img_letv
index.js.jsp:26 addLetvToShop
index.js.jsp:26
index.js.jsp:26
index.js.jsp:26
index.js.jsp:26
index.js.jsp:26
index.js.jsp:26
index.js.jsp:26
index.js.jsp:26
index.js.jsp:29 a ids:=================================
index.js.jsp:32 type_apple
index.js.jsp:32 type_huawei
index.js.jsp:32 type_leshi
index.js.jsp:32 type_meizu
index.js.jsp:32 type_oppo
index.js.jsp:32 type_sanxing
index.js.jsp:32 type_vivo
index.js.jsp:32 type_xiaomi
index.js.jsp:32 MOBILE_PRICE__BETWEEN_0_499
index.js.jsp:32 MOBILE_PRICE__BETWEEN_500_999
index.js.jsp:32 MOBILE_PRICE__BETWEEN_1000_1699
index.js.jsp:32 MOBILE_PRICE__BETWEEN_1700_2799
index.js.jsp:32 MOBILE_PRICE__BETWEEN_2800_4499
index.js.jsp:32 MOBILE_PRICE__BETWEEN_4500_11999
index.js.jsp:32 MOBILE_PRICE__OVER_12000
index.js.jsp:32 MOBILE_MEMORY_2G
index.js.jsp:32 MOBILE_MEMORY_3G
index.js.jsp:32 MOBILE_MEMORY_4G
index.js.jsp:32 MOBILE_MEMORY_6G
index.js.jsp:32 MOBILE_ROM_8
index.js.jsp:32 MOBILE_ROM_16
index.js.jsp:32 MOBILE_ROM_32
index.js.jsp:32 MOBILE_ROM_64
index.js.jsp:32 MOBILE_ROM_128
index.js.jsp:32 MOBILE_ROM_NO
index.js.jsp:32 MOBILE_BATTERY_LOWER1200
index.js.jsp:32 MOBILE_BATTERY_BETWEEN_1200_1999
index.js.jsp:32 MOBILE_BATTERY_BETWEEN_2000_2999
index.js.jsp:32 MOBILE_BATTERY_BETWEEN_3000_3999
index.js.jsp:32 MOBILE_BATTERY_BETWEEN_4000_5999
index.js.jsp:32 MOBILE_BATTERY_HIGHER_6000
index.js.jsp:32 MOBILE_COLOR_WHITE
index.js.jsp:32 MOBILE_COLOR_BLACK
index.js.jsp:32 MOBILE_COLOR_GRAY
index.js.jsp:32 MOBILE_COLOR_GOLD
index.js.jsp:32 MOBILE_COLOR_SILVIER
index.js.jsp:32 MOBILE_COLOR_RED
index.js.jsp:32 MOBILE_COLOR_PINK
index.js.jsp:32 MOBILE_FRONT_CAMERA_HIGHER1600
index.js.jsp:32 MOBILE_FRONT_CAMERA_BETWEEN_800_1599
index.js.jsp:32 MOBILE_FRONT_CAMERA_BETWEEN_500_799
index.js.jsp:32 MOBILE_FRONT_CAMERA_BETWEEN_200_499
index.js.jsp:32 MOBILE_FRONT_CAMERA_BETWEEN_120_199
index.js.jsp:32 MOBILE_FRONT_CAMERA_BELOW_120
index.js.jsp:32 MOBILE_BACK_CAMERA_HIGHER_2000
index.js.jsp:32 MOBILE_BACK_CAMERA_BETWEEN_1200_1999
index.js.jsp:32 MOBILE_BACK_CAMERA_BETWEEN_500_1199
